[INFO] Stored P1 in RACK_A
[ERROR] laptop must be stored in RACK_A, not RACK_B
[INFO] Stored o2 in RACK_A
[ERROR] RACK_A is full
[ERROR] RACK_A is full
[INFO] Stored 767517 in RACK_A
[INFO] Stored rx8 in RACK_A
[INFO] Stored hgy3 in RACK_A
[ERROR] RACK_A is full
[INFO] Inventory reset
[INFO] Stored 55555 in RACK_A
[INFO] Stored 864735 in RACK_A
[INFO] Stored hgugg in RACK_A
[ERROR] laptop must be stored in RACK_A, not RACK_B
[INFO] Stored hgugg in RACK_A
[INFO] Stored hgugg in RACK_A
[ERROR] RACK_A is full
[INFO] Inventory reset
[ERROR] tablet must be stored in RACK_B, not RACK_A
[ERROR] tablet must be stored in RACK_B, not RACK_C
[INFO] Stored logitec in RACK_B
[ERROR] Missing input
[INFO] Stored 52424 in 3
[WARNING] Unknown type 'laptop' for product echo "1
[INFO] Stored P003 in 2
[ERROR] Unknown product type: table
[WARNING] Unknown type 'tablet' for product P003
[INFO] Stored 2 in 32
[WARNING] Unknown type 'tablet' for product P003
[WARNING] Unknown type 'smartphone' for product 2
[INFO] Stored 003 in 32
[INFO] Assigned 003 (smartphone) to RACK_C
[INFO] Stored 006 in 2
[INFO] Stored 001 in 12
[INFO] Assigned 006 (laptop) to RACK_A
[INFO] Assigned 001 (laptop) to RACK_A
